app/build/outputs/logs/manifest-merger-debug-report.txt
-- Merging decision tree log ---
manifest
ADDED from src\main\AndroidManifest.xml:2:1-69:12
INJECTED from src\main\AndroidManifest.xml:2:1-69:12
INJECTED from src\main\AndroidManifest.xml:2:1-69:12
INJECTED from src\main\AndroidManifest.xml:2:1-69:12
MERGED from [com.android.support:appcompat-v7:28.0.0] AndroidManifest.xml:17:1-22:12
MERGED from [com.android.support.constraint:constraint-layout:1.1.3] AndroidManifest.xml:2:1-11:12
MERGED from [com.github.markushi:circlebutton:1.1] AndroidManifest.xml:2:1-11:12
MERGED from [com.google.firebase:firebase-core:16.0.8] AndroidManifest.xml:2:1-9:12
MERGED from [com.google.firebase:firebase-auth:16.2.0] AndroidManifest.xml:17:1-42:12
MERGED from [com.google.firebase:firebase-storage:16.1.0] AndroidManifest.xml:15:1-37:12
MERGED from [com.google.firebase:firebase-database:16.1.0] AndroidManifest.xml:15:1-36:12
MERGED from [com.android.support:animated-vector-drawable:28.0.0] AndroidManifest.xml:17:1-22:12
MERGED from [com.android.support:support-vector-drawable:28.0.0] AndroidManifest.xml:17:1-22:12
MERGED from [com.google.android.gms:play-services-flags:16.0.1] AndroidManifest.xml:17:1-22:12
MERGED from [com.google.firebase:firebase-auth-interop:16.0.1] AndroidManifest.xml:2:1-10:12
MERGED from [com.google.firebase:firebase-analytics:16.4.0] AndroidManifest.xml:2:1-9:12
MERGED from [com.google.android.gms:play-services-measurement-api:16.4.0] AndroidManifest.xml:17:1-36:12
MERGED from [com.google.firebase:firebase-iid:17.0.3] AndroidManifest.xml:17:1-59:12
MERGED from [com.google.firebase:firebase-iid-interop:16.0.1] AndroidManifest.xml:2:1-10:12
MERGED from [com.google.android.gms:play-services-base:16.0.1] AndroidManifest.xml:17:1-29:12
MERGED from [com.google.firebase:firebase-common:16.1.0] AndroidManifest.xml:2:1-19:12
MERGED from [com.google.android.gms:play-services-tasks:16.0.1] AndroidManifest.xml:2:1-9:12
MERGED from [com.google.android.gms:play-services-measurement:16.4.0] AndroidManifest.xml:17:1-55:12
MERGED from [com.google.android.gms:play-services-measurement-sdk:16.4.0] AndroidManifest.xml:17:1-25:12
MERGED from [com.google.android.gms:play-services-measurement-impl:16.4.0] AndroidManifest.xml:17:1-40:12
MERGED from [com.google.android.gms:play-services-measurement-sdk-api:16.4.0] AndroidManifest.xml:17:1-30:12
MERGED from [com.google.android.gms:play-services-measurement-base:16.4.0] AndroidManifest.xml:2:1-9:12
MERGED from [com.google.android.gms:play-services-stats:16.0.1] AndroidManifest.xml:2:1-9:12
MERGED from [com.google.firebase:firebase-measurement-connector:17.0.1] AndroidManifest.xml:17:1-25:12
MERGED from [com.google.android.gms:play-services-ads-identifier:16.0.0] AndroidManifest.xml:17:1-24:12
MERGED from [com.google.android.gms:play-services-basement:16.2.0] AndroidManifest.xml:17:1-28:12
MERGED from [com.android.support:support-v4:26.1.0] AndroidManifest.xml:17:1-31:12
MERGED from [com.android.support:support-media-compat:26.1.0] AndroidManifest.xml:17:1-31:12
MERGED from [com.android.support:support-fragment:28.0.0] AndroidManifest.xml:17:1-22:12
MERGED from [com.android.support:support-core-ui:28.0.0] AndroidManifest.xml:17:1-22:12
MERGED from [com.android.support:support-core-utils:28.0.0] AndroidManifest.xml:17:1-22:12
MERGED from [com.android.support:loader:28.0.0] AndroidManifest.xml:17:1-22:12
MERGED from [com.android.support:viewpager:28.0.0] AndroidManifest.xml:17:1-22:12
MERGED from [com.android.support:coordinatorlayout:28.0.0] AndroidManifest.xml:17:1-22:12
MERGED from [com.android.support:drawerlayout:28.0.0] AndroidManifest.xml:17:1-22:12
MERGED from [com.android.support:slidingpanelayout:28.0.0] AndroidManifest.xml:17:1-22:12
MERGED from [com.android.support:customview:28.0.0] AndroidManifest.xml:17:1-22:12
MERGED from [com.android.support:swiperefreshlayout:28.0.0] AndroidManifest.xml:17:1-22:12
MERGED from [com.android.support:asynclayoutinflater:28.0.0] AndroidManifest.xml:17:1-22:12
MERGED from [com.android.support:support-compat:28.0.0] AndroidManifest.xml:17:1-24:12
MERGED from [com.android.support:versionedparcelable:28.0.0] AndroidManifest.xml:17:1-25:12
MERGED from [com.android.support:cursoradapter:28.0.0] AndroidManifest.xml:17:1-22:12
MERGED from [android.arch.lifecycle:runtime:1.1.1] AndroidManifest.xml:17:1-22:12
MERGED from [android.arch.lifecycle:livedata:1.1.1] AndroidManifest.xml:17:1-22:12
MERGED from [android.arch.lifecycle:livedata-core:1.1.1] AndroidManifest.xml:17:1-22:12
MERGED from [android.arch.core:runtime:1.1.1] AndroidManifest.xml:17:1-22:12
MERGED from [com.android.support:documentfile:28.0.0] AndroidManifest.xml:17:1-22:12
MERGED from [com.android.support:localbroadcastmanager:28.0.0] AndroidManifest.xml:17:1-22:12
MERGED from [com.android.support:print:28.0.0] AndroidManifest.xml:17:1-22:12
MERGED from [android.arch.lifecycle:viewmodel:1.1.1] AndroidManifest.xml:17:1-22:12
MERGED from [com.android.support:interpolator:28.0.0] AndroidManifest.xml:17:1-22:12
MERGED from [com.google.firebase:firebase-database-collection:16.0.1] AndroidManifest.xml:2:1-7:12
INJECTED from src\main\AndroidManifest.xml:2:1-69:12
INJECTED from src\main\AndroidManifest.xml:2:1-69:12
INJECTED from src\main\AndroidManifest.xml:2:1-69:12
	package
		ADDED from src\main\AndroidManifest.xml:3:5-57
		INJECTED from src\main\AndroidManifest.xml
		INJECTED from src\main\AndroidManifest.xml
	android:versionName
		INJECTED from src\main\AndroidManifest.xml
		ADDED from src\main\AndroidManifest.xml:2:1-69:12
		INJECTED from src\main\AndroidManifest.xml
	android:versionCode
		INJECTED from src\main\AndroidManifest.xml
		ADDED from src\main\AndroidManifest.xml:2:1-69:12
		INJECTED from src\main\AndroidManifest.xml
	xmlns:android
		ADDED from src\main\AndroidManifest.xml:2:11-69
uses-permission#android.permission.INTERNET
ADDED from src\main\AndroidManifest.xml:5:5-67
MERGED from [com.google.firebase:firebase-storage:16.1.0] AndroidManifest.xml:27:5-67
MERGED from [com.google.firebase:firebase-storage:16.1.0] AndroidManifest.xml:27:5-67
MERGED from [com.google.firebase:firebase-database:16.1.0] AndroidManifest.xml:26:5-67
MERGED from [com.google.firebase:firebase-database:16.1.0] AndroidManifest.xml:26:5-67
MERGED from [com.google.android.gms:play-services-measurement-api:16.4.0] AndroidManifest.xml:22:5-67
MERGED from [com.google.android.gms:play-services-measurement-api:16.4.0] AndroidManifest.xml:22:5-67
MERGED from [com.google.firebase:firebase-iid:17.0.3] AndroidManifest.xml:23:5-67
MERGED from [com.google.firebase:firebase-iid:17.0.3] AndroidManifest.xml:23:5-67
MERGED from [com.google.android.gms:play-services-measurement:16.4.0] AndroidManifest.xml:23:5-67
MERGED from [com.google.android.gms:play-services-measurement:16.4.0] AndroidManifest.xml:23:5-67
MERGED from [com.google.android.gms:play-services-measurement-impl:16.4.0] AndroidManifest.xml:23:5-67
MERGED from [com.google.android.gms:play-services-measurement-impl:16.4.0] AndroidManifest.xml:23:5-67
MERGED from [com.google.android.gms:play-services-measurement-sdk-api:16.4.0] AndroidManifest.xml:23:5-67
MERGED from [com.google.android.gms:play-services-measurement-sdk-api:16.4.0] AndroidManifest.xml:23:5-67
	android:name
		ADDED from src\main\AndroidManifest.xml:5:22-64
application
ADDED from src\main\AndroidManifest.xml:7:5-67:19
MERGED from [com.android.support.constraint:constraint-layout:1.1.3] AndroidManifest.xml:9:5-20
MERGED from [com.android.support.constraint:constraint-layout:1.1.3] AndroidManifest.xml:9:5-20
MERGED from [com.github.markushi:circlebutton:1.1] AndroidManifest.xml:9:5-20
MERGED from [com.github.markushi:circlebutton:1.1] AndroidManifest.xml:9:5-20
MERGED from [com.google.firebase:firebase-core:16.0.8] AndroidManifest.xml:7:5-20
MERGED from [com.google.firebase:firebase-core:16.0.8] AndroidManifest.xml:7:5-20
MERGED from [com.google.firebase:firebase-auth:16.2.0] AndroidManifest.xml:23:5-40:19
MERGED from [com.google.firebase:firebase-auth:16.2.0] AndroidManifest.xml:23:5-40:19
MERGED from [com.google.firebase:firebase-storage:16.1.0] AndroidManifest.xml:29:5-35:19
MERGED from [com.google.firebase:firebase-storage:16.1.0] AndroidManifest.xml:29:5-35:19
MERGED from [com.google.firebase:firebase-database:16.1.0] AndroidManifest.xml:28:5-34:19
MERGED from [com.google.firebase:firebase-database:16.1.0] AndroidManifest.xml:28:5-34:19
MERGED from [com.google.firebase:firebase-auth-interop:16.0.1] AndroidManifest.xml:7:5-8:19
MERGED from [com.google.firebase:firebase-auth-interop:16.0.1] AndroidManifest.xml:7:5-8:19
MERGED from [com.google.firebase:firebase-analytics:16.4.0] AndroidManifest.xml:7:5-20
MERGED from [com.google.firebase:firebase-analytics:16.4.0] AndroidManifest.xml:7:5-20
MERGED from [com.google.android.gms:play-services-measurement-api:16.4.0] AndroidManifest.xml:26:5-34:19
MERGED from [com.google.android.gms:play-services-measurement-api:16.4.0] AndroidManifest.xml:26:5-34:19
MERGED from [com.google.firebase:firebase-iid:17.0.3] AndroidManifest.xml:28:5-57:19
MERGED from [com.google.firebase:firebase-iid:17.0.3] AndroidManifest.xml:28:5-57:19
MERGED from [com.google.firebase:firebase-iid-interop:16.0.1] AndroidManifest.xml:7:5-8:19
MERGED from [com.google.firebase:firebase-iid-interop:16.0.1] AndroidManifest.xml:7:5-8:19
MERGED from [com.google.android.gms:play-services-base:16.0.1] AndroidManifest.xml:22:5-27:19
MERGED from [com.google.android.gms:play-services-base:16.0.1] AndroidManifest.xml:22:5-27:19
MERGED from [com.google.firebase:firebase-common:16.1.0] AndroidManifest.xml:11:5-17:19
MERGED from [com.google.firebase:firebase-common:16.1.0] AndroidManifest.xml:11:5-17:19
MERGED from [com.google.android.gms:play-services-tasks:16.0.1] AndroidManifest.xml:7:5-20
MERGED from [com.google.android.gms:play-services-tasks:16.0.1] AndroidManifest.xml:7:5-20
MERGED from [com.google.android.gms:play-services-measurement:16.4.0] AndroidManifest.xml:28:5-53:19
MERGED from [com.google.android.gms:play-services-measurement:16.4.0] AndroidManifest.xml:28:5-53:19
MERGED from [com.google.android.gms:play-services-measurement-sdk:16.4.0] AndroidManifest.xml:22:5-23:19
MERGED from [com.google.android.gms:play-services-measurement-sdk:16.4.0] AndroidManifest.xml:22:5-23:19
MERGED from [com.google.android.gms:play-services-measurement-impl:16.4.0] AndroidManifest.xml:28:5-38:19
MERGED from [com.google.android.gms:play-services-measurement-impl:16.4.0] AndroidManifest.xml:28:5-38:19
MERGED from [com.google.android.gms:play-services-measurement-sdk-api:16.4.0] AndroidManifest.xml:27:5-28:19
MERGED from [com.google.android.gms:play-services-measurement-sdk-api:16.4.0] AndroidManifest.xml:27:5-28:19
MERGED from [com.google.android.gms:play-services-measurement-base:16.4.0] AndroidManifest.xml:7:5-20
MERGED from [com.google.android.gms:play-services-measurement-base:16.4.0] AndroidManifest.xml:7:5-20
MERGED from [com.google.android.gms:play-services-stats:16.0.1] AndroidManifest.xml:7:5-20
MERGED from [com.google.android.gms:play-services-stats:16.0.1] AndroidManifest.xml:7:5-20
MERGED from [com.google.firebase:firebase-measurement-connector:17.0.1] AndroidManifest.xml:22:5-23:19
MERGED from [com.google.firebase:firebase-measurement-connector:17.0.1] AndroidManifest.xml:22:5-23:19
MERGED from [com.google.android.gms:play-services-ads-identifier:16.0.0] AndroidManifest.xml:22:5-20
MERGED from [com.google.android.gms:play-services-ads-identifier:16.0.0] AndroidManifest.xml:22:5-20
MERGED from [com.google.android.gms:play-services-basement:16.2.0] AndroidManifest.xml:22:5-26:19
MERGED from [com.google.android.gms:play-services-basement:16.2.0] AndroidManifest.xml:22:5-26:19
MERGED from [com.android.support:support-v4:26.1.0] AndroidManifest.xml:25:5-29:19
MERGED from [com.android.support:support-v4:26.1.0] AndroidManifest.xml:25:5-29:19
MERGED from [com.android.support:support-media-compat:26.1.0] AndroidManifest.xml:25:5-29:19
MERGED from [com.android.support:support-media-compat:26.1.0] AndroidManifest.xml:25:5-29:19
MERGED from [com.android.support:support-compat:28.0.0] AndroidManifest.xml:22:5-94
MERGED from [com.android.support:support-compat:28.0.0] AndroidManifest.xml:22:5-94
MERGED from [com.android.support:versionedparcelable:28.0.0] AndroidManifest.xml:22:5-23:19
MERGED from [com.android.support:versionedparcelable:28.0.0] AndroidManifest.xml:22:5-23:19
	android:appComponentFactory
		ADDED from [com.android.support:support-compat:28.0.0] AndroidManifest.xml:22:18-91
	android:supportsRtl
		ADDED from src\main\AndroidManifest.xml:13:9-35
	android:label
		ADDED from src\main\AndroidManifest.xml:11:9-41
	android:roundIcon
		ADDED from src\main\AndroidManifest.xml:12:9-50
	android:icon
		ADDED from src\main\AndroidManifest.xml:10:9-45
	android:allowBackup
		ADDED from src\main\AndroidManifest.xml:9:9-35
	android:theme
		ADDED from src\main\AndroidManifest.xml:14:9-40
	android:name
		ADDED from src\main\AndroidManifest.xml:8:9-29
activity#www.shimul.com.learncjavapythonprogramming.MainActivity
ADDED from src\main\AndroidManifest.xml:15:9-50
	android:name
		ADDED from src\main\AndroidManifest.xml:15:19-47
activity#www.shimul.com.learncjavapythonprogramming.C_MainActivity
ADDED from src\main\AndroidManifest.xml:16:9-52
	android:name
		ADDED from src\main\AndroidManifest.xml:16:19-49
activity#www.shimul.com.learncjavapythonprogramming.Java_MainActivity
ADDED from src\main\AndroidManifest.xml:17:9-55
	android:name
		ADDED from src\main\AndroidManifest.xml:17:19-52
activity#www.shimul.com.learncjavapythonprogramming.Python_MainActivity
ADDED from src\main\AndroidManifest.xml:18:9-57
	android:name
		ADDED from src\main\AndroidManifest.xml:18:19-54
activity#www.shimul.com.learncjavapythonprogramming.Java_Tutorial_ChapterList
ADDED from src\main\AndroidManifest.xml:19:9-63
	android:name
		ADDED from src\main\AndroidManifest.xml:19:19-60
activity#www.shimul.com.learncjavapythonprogramming.Java_Compiler
ADDED from src\main\AndroidManifest.xml:20:9-51
	android:name
		ADDED from src\main\AndroidManifest.xml:20:19-48
activity#www.shimul.com.learncjavapythonprogramming.C_Quiz
ADDED from src\main\AndroidManifest.xml:21:9-44
	android:name
		ADDED from src\main\AndroidManifest.xml:21:19-41
activity#www.shimul.com.learncjavapythonprogramming.C_MCQ
ADDED from src\main\AndroidManifest.xml:22:9-43
	android:name
		ADDED from src\main\AndroidManifest.xml:22:19-40
activity#www.shimul.com.learncjavapythonprogramming.C_ProgramList
ADDED from src\main\AndroidManifest.xml:23:9-25:50
	android:theme
		ADDED from src\main\AndroidManifest.xml:25:13-47
	android:name
		ADDED from src\main\AndroidManifest.xml:24:13-42
activity#www.shimul.com.learncjavapythonprogramming.C_ProgramDisplay
ADDED from src\main\AndroidManifest.xml:26:9-28:50
	android:theme
		ADDED from src\main\AndroidManifest.xml:28:13-47
	android:name
		ADDED from src\main\AndroidManifest.xml:27:13-45
activity#www.shimul.com.learncjavapythonprogramming.C_InterViewQuestion
ADDED from src\main\AndroidManifest.xml:29:9-57
	android:name
		ADDED from src\main\AndroidManifest.xml:29:19-54
activity#www.shimul.com.learncjavapythonprogramming.C_Tutorial_ChapterList
ADDED from src\main\AndroidManifest.xml:30:9-60
	android:name
		ADDED from src\main\AndroidManifest.xml:30:19-57
activity#www.shimul.com.learncjavapythonprogramming.C_TutorialDisplay
ADDED from src\main\AndroidManifest.xml:31:9-33:50
	android:theme
		ADDED from src\main\AndroidManifest.xml:33:13-47
	android:name
		ADDED from src\main\AndroidManifest.xml:32:13-46
activity#www.shimul.com.learncjavapythonprogramming.Java_Quiz
ADDED from src\main\AndroidManifest.xml:34:9-47
	android:name
		ADDED from src\main\AndroidManifest.xml:34:19-44
activity#www.shimul.com.learncjavapythonprogramming.Python_Quiz
ADDED from src\main\AndroidManifest.xml:35:9-49
	android:name
		ADDED from src\main\AndroidManifest.xml:35:19-46
activity#www.shimul.com.learncjavapythonprogramming.Java_Interview_Question
ADDED from src\main\AndroidManifest.xml:36:9-61
	android:name
		ADDED from src\main\AndroidManifest.xml:36:19-58
activity#www.shimul.com.learncjavapythonprogramming.Python_Interview
ADDED from src\main\AndroidManifest.xml:37:9-54
	android:name
		ADDED from src\main\AndroidManifest.xml:37:19-51
activity#www.shimul.com.learncjavapythonprogramming.Python_Tutorial_ChapterList
ADDED from src\main\AndroidManifest.xml:38:9-65
	android:name
		ADDED from src\main\AndroidManifest.xml:38:19-62
activity#www.shimul.com.learncjavapythonprogramming.Python_TutorialDisplay
ADDED from src\main\AndroidManifest.xml:39:9-41:50
	android:theme
		ADDED from src\main\AndroidManifest.xml:41:13-47
	android:name
		ADDED from src\main\AndroidManifest.xml:40:13-51
activity#www.shimul.com.learncjavapythonprogramming.LogInMain
ADDED from src\main\AndroidManifest.xml:42:9-50:20
	android:theme
		ADDED from src\main\AndroidManifest.xml:44:13-47
	android:name
		ADDED from src\main\AndroidManifest.xml:43:13-38
intent-filter#action:name:android.intent.action.MAIN+category:name:android.intent.category.LAUNCHER
ADDED from src\main\AndroidManifest.xml:45:13-49:29
action#android.intent.action.MAIN
ADDED from src\main\AndroidManifest.xml:46:17-69
	android:name
		ADDED from src\main\AndroidManifest.xml:46:25-66
category#android.intent.category.LAUNCHER
ADDED from src\main\AndroidManifest.xml:48:17-77
	android:name
		ADDED from src\main\AndroidManifest.xml:48:27-74
activity#www.shimul.com.learncjavapythonprogramming.CreateAccount
ADDED from src\main\AndroidManifest.xml:51:9-53:50
	android:theme
		ADDED from src\main\AndroidManifest.xml:53:13-47
	android:name
		ADDED from src\main\AndroidManifest.xml:52:13-42
activity#www.shimul.com.learncjavapythonprogramming.Java_ProgramList
ADDED from src\main\AndroidManifest.xml:54:9-56:50
	android:theme
		ADDED from src\main\AndroidManifest.xml:56:13-47
	android:name
		ADDED from src\main\AndroidManifest.xml:55:13-45
activity#www.shimul.com.learncjavapythonprogramming.Java_ProgramDisplay
ADDED from src\main\AndroidManifest.xml:57:9-59:50
	android:theme
		ADDED from src\main\AndroidManifest.xml:59:13-47
	android:name
		ADDED from src\main\AndroidManifest.xml:58:13-48
activity#www.shimul.com.learncjavapythonprogramming.Python_ProgramList
ADDED from src\main\AndroidManifest.xml:60:9-62:50
	android:theme
		ADDED from src\main\AndroidManifest.xml:62:13-47
	android:name
		ADDED from src\main\AndroidManifest.xml:61:13-47
activity#www.shimul.com.learncjavapythonprogramming.Python_ProgramDisplay
ADDED from src\main\AndroidManifest.xml:63:9-65:50
	android:theme
		ADDED from src\main\AndroidManifest.xml:65:13-47
	android:name
		ADDED from src\main\AndroidManifest.xml:64:13-50
activity#www.shimul.com.learncjavapythonprogramming.ProfileInfo
ADDED from src\main\AndroidManifest.xml:66:9-58
	android:name
		ADDED from src\main\AndroidManifest.xml:66:19-46
uses-sdk
INJECTED from src\main\AndroidManifest.xml reason: use-sdk injection requested
INJECTED from src\main\AndroidManifest.xml
INJECTED from src\main\AndroidManifest.xml
MERGED from [com.android.support:appcompat-v7:28.0.0] AndroidManifest.xml:20:5-44
MERGED from [com.android.support:appcompat-v7:28.0.0] AndroidManifest.xml:20:5-44
MERGED from [com.android.support.constraint:constraint-layout:1.1.3] AndroidManifest.xml:5:5-7:41
MERGED from [com.android.support.constraint:constraint-layout:1.1.3] AndroidManifest.xml:5:5-7:41
MERGED from [com.github.markushi:circlebutton:1.1] AndroidManifest.xml:7:5-44
MERGED from [com.github.markushi:circlebutton:1.1] AndroidManifest.xml:7:5-44
MERGED from [com.google.firebase:firebase-core:16.0.8] AndroidManifest.xml:5:5-44
MERGED from [com.google.firebase:firebase-core:16.0.8] AndroidManifest.xml:5:5-44
MERGED from [com.google.firebase:firebase-auth:16.2.0] AndroidManifest.xml:21:5-44
MERGED from [com.google.firebase:firebase-auth:16.2.0] AndroidManifest.xml:21:5-44
MERGED from [com.google.firebase:firebase-storage:16.1.0] AndroidManifest.xml:20:5-22:41
MERGED from [com.google.firebase:firebase-storage:16.1.0] AndroidManifest.xml:20:5-22:41
MERGED from [com.google.firebase:firebase-database:16.1.0] AndroidManifest.xml:19:5-21:41
MERGED from [com.google.firebase:firebase-database:16.1.0] AndroidManifest.xml:19:5-21:41
MERGED from [com.android.support:animated-vector-drawable:28.0.0] AndroidManifest.xml:20:5-44
MERGED from [com.android.support:animated-vector-drawable:28.0.0] AndroidManifest.xml:20:5-44
MERGED from [com.android.support:support-vector-drawable:28.0.0] AndroidManifest.xml:20:5-44
MERGED from [com.android.support:support-vector-drawable:28.0.0] AndroidManifest.xml:20:5-44
MERGED from [com.google.android.gms:play-services-flags:16.0.1] AndroidManifest.xml:20:5-44
MERGED from [com.google.android.gms:play-services-flags:16.0.1] AndroidManifest.xml:20:5-44
MERGED from [com.google.firebase:firebase-auth-interop:16.0.1] AndroidManifest.xml:5:5-44
MERGED from [com.google.firebase:firebase-auth-interop:16.0.1] AndroidManifest.xml:5:5-44
MERGED from [com.google.firebase:firebase-analytics:16.4.0] AndroidManifest.xml:5:5-44
MERGED from [com.google.firebase:firebase-analytics:16.4.0] AndroidManifest.xml:5:5-44
MERGED from [com.google.android.gms:play-services-measurement-api:16.4.0] AndroidManifest.xml:20:5-44
MERGED from [com.google.android.gms:play-services-measurement-api:16.4.0] AndroidManifest.xml:20:5-44
MERGED from [com.google.firebase:firebase-iid:17.0.3] AndroidManifest.xml:20:5-44
MERGED from [com.google.firebase:firebase-iid:17.0.3] AndroidManifest.xml:20:5-44
MERGED from [com.google.firebase:firebase-iid-interop:16.0.1] AndroidManifest.xml:5:5-44
MERGED from [com.google.firebase:firebase-iid-interop:16.0.1] AndroidManifest.xml:5:5-44
MERGED from [com.google.android.gms:play-services-base:16.0.1] AndroidManifest.xml:20:5-44
MERGED from [com.google.android.gms:play-services-base:16.0.1] AndroidManifest.xml:20:5-44
MERGED from [com.google.firebase:firebase-common:16.1.0] AndroidManifest.xml:6:5-8:41
MERGED from [com.google.firebase:firebase-common:16.1.0] AndroidManifest.xml:6:5-8:41
MERGED from [com.google.android.gms:play-services-tasks:16.0.1] AndroidManifest.xml:5:5-44
MERGED from [com.google.android.gms:play-services-tasks:16.0.1] AndroidManifest.xml:5:5-44
MERGED from [com.google.android.gms:play-services-measurement:16.4.0] AndroidManifest.xml:20:5-44
MERGED from [com.google.android.gms:play-services-measurement:16.4.0] AndroidManifest.xml:20:5-44
MERGED from [com.google.android.gms:play-services-measurement-sdk:16.4.0] AndroidManifest.xml:20:5-44
MERGED from [com.google.android.gms:play-services-measurement-sdk:16.4.0] AndroidManifest.xml:20:5-44
MERGED from [com.google.android.gms:play-services-measurement-impl:16.4.0] AndroidManifest.xml:20:5-44
MERGED from [com.google.android.gms:play-services-measurement-impl:16.4.0] AndroidManifest.xml:20:5-44
MERGED from [com.google.android.gms:play-services-measurement-sdk-api:16.4.0] AndroidManifest.xml:20:5-44
MERGED from [com.google.android.gms:play-services-measurement-sdk-api:16.4.0] AndroidManifest.xml:20:5-44
MERGED from [com.google.android.gms:play-services-measurement-base:16.4.0] AndroidManifest.xml:5:5-44
MERGED from [com.google.android.gms:play-services-measurement-base:16.4.0] AndroidManifest.xml:5:5-44
MERGED from [com.google.android.gms:play-services-stats:16.0.1] AndroidManifest.xml:5:5-44
MERGED from [com.google.android.gms:play-services-stats:16.0.1] AndroidManifest.xml:5:5-44
MERGED from [com.google.firebase:firebase-measurement-connector:17.0.1] AndroidManifest.xml:20:5-44
MERGED from [com.google.firebase:firebase-measurement-connector:17.0.1] AndroidManifest.xml:20:5-44
MERGED from [com.google.android.gms:play-services-ads-identifier:16.0.0] AndroidManifest.xml:20:5-44
MERGED from [com.google.android.gms:play-services-ads-identifier:16.0.0] AndroidManifest.xml:20:5-44
MERGED from [com.google.android.gms:play-services-basement:16.2.0] AndroidManifest.xml:20:5-44
MERGED from [com.google.android.gms:play-services-basement:16.2.0] AndroidManifest.xml:20:5-44
MERGED from [com.android.support:support-v4:26.1.0] AndroidManifest.xml:21:5-23:54
MERGED from [com.android.support:support-v4:26.1.0] AndroidManifest.xml:21:5-23:54
MERGED from [com.android.support:support-media-compat:26.1.0] AndroidManifest.xml:21:5-23:63
MERGED from [com.android.support:support-media-compat:26.1.0] AndroidManifest.xml:21:5-23:63
MERGED from [com.android.support:support-fragment:28.0.0] AndroidManifest.xml:20:5-44
MERGED from [com.android.support:support-fragment:28.0.0] AndroidManifest.xml:20:5-44
MERGED from [com.android.support:support-core-ui:28.0.0] AndroidManifest.xml:20:5-44
MERGED from [com.android.support:support-core-ui:28.0.0] AndroidManifest.xml:20:5-44
MERGED from [com.android.support:support-core-utils:28.0.0] AndroidManifest.xml:20:5-44
MERGED from [com.android.support:support-core-utils:28.0.0] AndroidManifest.xml:20:5-44
MERGED from [com.android.support:loader:28.0.0] AndroidManifest.xml:20:5-44
MERGED from [com.android.support:loader:28.0.0] AndroidManifest.xml:20:5-44
MERGED from [com.android.support:viewpager:28.0.0] AndroidManifest.xml:20:5-44
MERGED from [com.android.support:viewpager:28.0.0] AndroidManifest.xml:20:5-44
MERGED from [com.android.support:coordinatorlayout:28.0.0] AndroidManifest.xml:20:5-44
MERGED from [com.android.support:coordinatorlayout:28.0.0] AndroidManifest.xml:20:5-44
MERGED from [com.android.support:drawerlayout:28.0.0] AndroidManifest.xml:20:5-44
MERGED from [com.android.support:drawerlayout:28.0.0] AndroidManifest.xml:20:5-44
MERGED from [com.android.support:slidingpanelayout:28.0.0] AndroidManifest.xml:20:5-44
MERGED from [com.android.support:slidingpanelayout:28.0.0] AndroidManifest.xml:20:5-44
MERGED from [com.android.support:customview:28.0.0] AndroidManifest.xml:20:5-44
MERGED from [com.android.support:customview:28.0.0] AndroidManifest.xml:20:5-44
MERGED from [com.android.support:swiperefreshlayout:28.0.0] AndroidManifest.xml:20:5-44
MERGED from [com.android.support:swiperefreshlayout:28.0.0] AndroidManifest.xml:20:5-44
MERGED from [com.android.support:asynclayoutinflater:28.0.0] AndroidManifest.xml:20:5-44
MERGED from [com.android.support:asynclayoutinflater:28.0.0] AndroidManifest.xml:20:5-44
MERGED from [com.android.support:support-compat:28.0.0] AndroidManifest.xml:20:5-44
MERGED from [com.android.support:support-compat:28.0.0] AndroidManifest.xml:20:5-44
MERGED from [com.android.support:versionedparcelable:28.0.0] AndroidManifest.xml:20:5-44
MERGED from [com.android.support:versionedparcelable:28.0.0] AndroidManifest.xml:20:5-44
MERGED from [com.android.support:cursoradapter:28.0.0] AndroidManifest.xml:20:5-44
MERGED from [com.android.support:cursoradapter:28.0.0] AndroidManifest.xml:20:5-44
MERGED from [android.arch.lifecycle:runtime:1.1.1] AndroidManifest.xml:20:5-44
MERGED from [android.arch.lifecycle:runtime:1.1.1] AndroidManifest.xml:20:5-44
MERGED from [android.arch.lifecycle:livedata:1.1.1] AndroidManifest.xml:20:5-44
MERGED from [android.arch.lifecycle:livedata:1.1.1] AndroidManifest.xml:20:5-44
MERGED from [android.arch.lifecycle:livedata-core:1.1.1] AndroidManifest.xml:20:5-44
MERGED from [android.arch.lifecycle:livedata-core:1.1.1] AndroidManifest.xml:20:5-44
MERGED from [android.arch.core:runtime:1.1.1] AndroidManifest.xml:20:5-44
MERGED from [android.arch.core:runtime:1.1.1] AndroidManifest.xml:20:5-44
MERGED from [com.android.support:documentfile:28.0.0] AndroidManifest.xml:20:5-44
MERGED from [com.android.support:documentfile:28.0.0] AndroidManifest.xml:20:5-44
MERGED from [com.android.support:localbroadcastmanager:28.0.0] AndroidManifest.xml:20:5-44
MERGED from [com.android.support:localbroadcastmanager:28.0.0] AndroidManifest.xml:20:5-44
MERGED from [com.android.support:print:28.0.0] AndroidManifest.xml:20:5-44
MERGED from [com.android.support:print:28.0.0] AndroidManifest.xml:20:5-44
MERGED from [android.arch.lifecycle:viewmodel:1.1.1] AndroidManifest.xml:20:5-44
MERGED from [android.arch.lifecycle:viewmodel:1.1.1] AndroidManifest.xml:20:5-44
MERGED from [com.android.support:interpolator:28.0.0] AndroidManifest.xml:20:5-44
MERGED from [com.android.support:interpolator:28.0.0] AndroidManifest.xml:20:5-44
MERGED from [com.google.firebase:firebase-database-collection:16.0.1] AndroidManifest.xml:5:5-44
MERGED from [com.google.firebase:firebase-database-collection:16.0.1] AndroidManifest.xml:5:5-44
INJECTED from src\main\AndroidManifest.xml
INJECTED from src\main\AndroidManifest.xml
	tools:overrideLibrary
		ADDED from [com.android.support:support-v4:26.1.0] AndroidManifest.xml:23:9-51
	android:targetSdkVersion
		INJECTED from src\main\AndroidManifest.xml
		ADDED from src\main\AndroidManifest.xml
		INJECTED from src\main\AndroidManifest.xml
	android:minSdkVersion
		INJECTED from src\main\AndroidManifest.xml
		ADDED from src\main\AndroidManifest.xml
		INJECTED from src\main\AndroidManifest.xml
activity#com.google.firebase.auth.internal.FederatedSignInActivity
ADDED from [com.google.firebase:firebase-auth:16.2.0] AndroidManifest.xml:24:9-31:50
	android:excludeFromRecents
		ADDED from [com.google.firebase:firebase-auth:16.2.0] AndroidManifest.xml:26:13-46
	android:launchMode
		ADDED from [com.google.firebase:firebase-auth:16.2.0] AndroidManifest.xml:28:13-44
	android:exported
		ADDED from [com.google.firebase:firebase-auth:16.2.0] AndroidManifest.xml:27:13-36
	android:permission
		ADDED from [com.google.firebase:firebase-auth:16.2.0] AndroidManifest.xml:29:13-102
	android:theme
		ADDED from [com.google.firebase:firebase-auth:16.2.0] AndroidManifest.xml:30:13-72
	tools:replace
		ADDED from [com.google.firebase:firebase-auth:16.2.0] AndroidManifest.xml:31:13-47
	android:name
		ADDED from [com.google.firebase:firebase-auth:16.2.0] AndroidManifest.xml:25:13-85
service#com.google.firebase.components.ComponentDiscoveryService
ADDED from [com.google.firebase:firebase-auth:16.2.0] AndroidManifest.xml:33:9-39:19
MERGED from [com.google.firebase:firebase-storage:16.1.0] AndroidManifest.xml:30:9-34:19